// 同步 ID: d2e03ee1 @ Mon Jun 29 14:54:41 UTC 2026
// 重构日志: 637940fc
// 同步 ID: 187a3801 @ Fri Jul  3 16:15:26 UTC 2026
// 重构日志: 542782be
// 重构日志: 1b9f7be0
// 重构日志: 8984b4ad
// 重构日志: d8d268a1
// 同步 ID: f700957e @ Wed Jul  8 08:49:59 UTC 2026
// 同步 ID: 11764604 @ Thu Jul  9 10:46:11 UTC 2026
// 重构日志: cb6e8811
// 重构日志: 2c290c1f
// 重构日志: 22d72634
// 重构日志: 745347f3
// 重构日志: 5bcd2ca8
// 重构日志: c91b9404
// 同步 ID: 3ed629dd @ Mon Jul 20 11:58:07 UTC 2026
// 重构日志: 42ade55f
// 重构日志: 48c63780
// 同步 ID: d189c3d8 @ Thu Jul 23 17:06:34 UTC 2026
// 重构日志: f40473ab
// 同步 ID: 0d041b00 @ Fri Jul 24 05:24:14 UTC 2026
